This is pdfTeX, Version 3.141592653-2.6-1.40.25 (MiKTeX 23.10) (preloaded format=pdflatex 2023.11.1)  11 APR 2024 09:52
entering extended mode
 restricted \write18 enabled.
 %&-line parsing enabled.
**./conference_report.tex
(conference_report.tex
LaTeX2e <2023-06-01> patch level 1
L3 programming layer <2023-08-29>
IJCAI-09 Instructions for Authors
(C:\Users\Admin\AppData\Local\Programs\MiKTeX\tex/latex/base\article.cls
Document Class: article 2023/05/17 v1.4n Standard LaTeX document class
(C:\Users\Admin\AppData\Local\Programs\MiKTeX\tex/latex/base\size10.clo
File: size10.clo 2023/05/17 v1.4n Standard LaTeX file (size option)
)
\c@part=\count185
\c@section=\count186
\c@subsection=\count187
\c@subsubsection=\count188
\c@paragraph=\count189
\c@subparagraph=\count190
\c@figure=\count191
\c@table=\count192
\abovecaptionskip=\skip48
\belowcaptionskip=\skip49
\bibindent=\dimen140
)
(ijcai09.sty
Conference Style, version of 6 September 1995 (revised Nov 2000)
\titlebox=\skip50
Named Citation Style, version of 30 November 1994
) (C:\Users\Admin\AppData\Local\Programs\MiKTeX\tex/latex/booktabs\booktabs.sty
Package: booktabs 2020/01/12 v1.61803398 Publication quality tables
\heavyrulewidth=\dimen141
\lightrulewidth=\dimen142
\cmidrulewidth=\dimen143
\belowrulesep=\dimen144
\belowbottomsep=\dimen145
\aboverulesep=\dimen146
\abovetopsep=\dimen147
\cmidrulesep=\dimen148
\cmidrulekern=\dimen149
\defaultaddspace=\dimen150
\@cmidla=\count193
\@cmidlb=\count194
\@aboverulesep=\dimen151
\@belowrulesep=\dimen152
\@thisruleclass=\count195
\@lastruleclass=\count196
\@thisrulewidth=\dimen153
) (C:\Users\Admin\AppData\Local\Programs\MiKTeX\tex/latex/psnfss\times.sty
Package: times 2020/03/25 PSNFSS-v9.3 (SPQR) 
)
(C:\Users\Admin\AppData\Local\Programs\MiKTeX\tex/latex/amsmath\amsmath.sty
Package: amsmath 2023/05/13 v2.17o AMS math features
\@mathmargin=\skip51

For additional information on amsmath, use the `?' option.
(C:\Users\Admin\AppData\Local\Programs\MiKTeX\tex/latex/amsmath\amstext.sty
Package: amstext 2021/08/26 v2.01 AMS text

(C:\Users\Admin\AppData\Local\Programs\MiKTeX\tex/latex/amsmath\amsgen.sty
File: amsgen.sty 1999/11/30 v2.0 generic functions
\@emptytoks=\toks17
\ex@=\dimen154
))
(C:\Users\Admin\AppData\Local\Programs\MiKTeX\tex/latex/amsmath\amsbsy.sty
Package: amsbsy 1999/11/29 v1.2d Bold Symbols
\pmbraise@=\dimen155
)
(C:\Users\Admin\AppData\Local\Programs\MiKTeX\tex/latex/amsmath\amsopn.sty
Package: amsopn 2022/04/08 v2.04 operator names
)
\inf@bad=\count197
LaTeX Info: Redefining \frac on input line 234.
\uproot@=\count198
\leftroot@=\count199
LaTeX Info: Redefining \overline on input line 399.
LaTeX Info: Redefining \colon on input line 410.
\classnum@=\count266
\DOTSCASE@=\count267
LaTeX Info: Redefining \ldots on input line 496.
LaTeX Info: Redefining \dots on input line 499.
LaTeX Info: Redefining \cdots on input line 620.
\Mathstrutbox@=\box51
\strutbox@=\box52
LaTeX Info: Redefining \big on input line 722.
LaTeX Info: Redefining \Big on input line 723.
LaTeX Info: Redefining \bigg on input line 724.
LaTeX Info: Redefining \Bigg on input line 725.
\big@size=\dimen156
LaTeX Font Info:    Redeclaring font encoding OML on input line 743.
LaTeX Font Info:    Redeclaring font encoding OMS on input line 744.
\macc@depth=\count268
LaTeX Info: Redefining \bmod on input line 905.
LaTeX Info: Redefining \pmod on input line 910.
LaTeX Info: Redefining \smash on input line 940.
LaTeX Info: Redefining \relbar on input line 970.
LaTeX Info: Redefining \Relbar on input line 971.
\c@MaxMatrixCols=\count269
\dotsspace@=\muskip16
\c@parentequation=\count270
\dspbrk@lvl=\count271
\tag@help=\toks18
\row@=\count272
\column@=\count273
\maxfields@=\count274
\andhelp@=\toks19
\eqnshift@=\dimen157
\alignsep@=\dimen158
\tagshift@=\dimen159
\tagwidth@=\dimen160
\totwidth@=\dimen161
\lineht@=\dimen162
\@envbody=\toks20
\multlinegap=\skip52
\multlinetaggap=\skip53
\mathdisplay@stack=\toks21
LaTeX Info: Redefining \[ on input line 2953.
LaTeX Info: Redefining \] on input line 2954.
)
(C:\Users\Admin\AppData\Local\Programs\MiKTeX\tex/latex/graphics\graphicx.sty
Package: graphicx 2021/09/16 v1.2d Enhanced LaTeX Graphics (DPC,SPQR)

(C:\Users\Admin\AppData\Local\Programs\MiKTeX\tex/latex/graphics\keyval.sty
Package: keyval 2022/05/29 v1.15 key=value parser (DPC)
\KV@toks@=\toks22
)
(C:\Users\Admin\AppData\Local\Programs\MiKTeX\tex/latex/graphics\graphics.sty
Package: graphics 2022/03/10 v1.4e Standard LaTeX Graphics (DPC,SPQR)

(C:\Users\Admin\AppData\Local\Programs\MiKTeX\tex/latex/graphics\trig.sty
Package: trig 2021/08/11 v1.11 sin cos tan (DPC)
)
(C:\Users\Admin\AppData\Local\Programs\MiKTeX\tex/latex/graphics-cfg\graphics.c
fg
File: graphics.cfg 2016/06/04 v1.11 sample graphics configuration
)
Package graphics Info: Driver file: pdftex.def on input line 107.

(C:\Users\Admin\AppData\Local\Programs\MiKTeX\tex/latex/graphics-def\pdftex.def
File: pdftex.def 2022/09/22 v1.2b Graphics/color driver for pdftex
))
\Gin@req@height=\dimen163
\Gin@req@width=\dimen164
) (C:\Users\Admin\AppData\Local\Programs\MiKTeX\tex/latex/tools\tabularx.sty
Package: tabularx 2020/01/15 v2.11c `tabularx' package (DPC)

(C:\Users\Admin\AppData\Local\Programs\MiKTeX\tex/latex/tools\array.sty
Package: array 2022/09/04 v2.5g Tabular extension package (FMi)
\col@sep=\dimen165
\ar@mcellbox=\box53
\extrarowheight=\dimen166
\NC@list=\toks23
\extratabsurround=\skip54
\backup@length=\skip55
\ar@cellbox=\box54
)
\TX@col@width=\dimen167
\TX@old@table=\dimen168
\TX@old@col=\dimen169
\TX@target=\dimen170
\TX@delta=\dimen171
\TX@cols=\count275
\TX@ftn=\toks24
)
LaTeX Font Info:    Trying to load font information for OT1+ptm on input line 4
9.

(C:\Users\Admin\AppData\Local\Programs\MiKTeX\tex/latex/psnfss\ot1ptm.fd
File: ot1ptm.fd 2001/06/04 font definitions for OT1/ptm.
)
(C:\Users\Admin\AppData\Local\Programs\MiKTeX\tex/latex/l3backend\l3backend-pdf
tex.def
File: l3backend-pdftex.def 2023-04-19 L3 backend support: PDF output (pdfTeX)
\l__color_backend_stack_int=\count276
\l__pdf_internal_box=\box55
) (conference_report.aux

LaTeX Warning: Label `fig:my_photo' multiply defined.


LaTeX Warning: Label `tab:card_trans_metrics' multiply defined.


LaTeX Warning: Label `fig:my_photo' multiply defined.


LaTeX Warning: Label `fig:my_photo' multiply defined.


LaTeX Warning: Label `tab:features' multiply defined.


LaTeX Warning: Label `tab:card_trans_metrics' multiply defined.


LaTeX Warning: Label `fig:my_photo' multiply defined.


LaTeX Warning: Label `tab:card_trans_metrics' multiply defined.


LaTeX Warning: Label `fig:my_photo' multiply defined.

)
\openout1 = `conference_report.aux'.

LaTeX Font Info:    Checking defaults for OML/cmm/m/it on input line 49.
LaTeX Font Info:    ... okay on input line 49.
LaTeX Font Info:    Checking defaults for OMS/cmsy/m/n on input line 49.
LaTeX Font Info:    ... okay on input line 49.
LaTeX Font Info:    Checking defaults for OT1/cmr/m/n on input line 49.
LaTeX Font Info:    ... okay on input line 49.
LaTeX Font Info:    Checking defaults for T1/cmr/m/n on input line 49.
LaTeX Font Info:    ... okay on input line 49.
LaTeX Font Info:    Checking defaults for TS1/cmr/m/n on input line 49.
LaTeX Font Info:    ... okay on input line 49.
LaTeX Font Info:    Checking defaults for OMX/cmex/m/n on input line 49.
LaTeX Font Info:    ... okay on input line 49.
LaTeX Font Info:    Checking defaults for U/cmr/m/n on input line 49.
LaTeX Font Info:    ... okay on input line 49.

(C:\Users\Admin\AppData\Local\Programs\MiKTeX\tex/context/base/mkii\supp-pdf.mk
ii
[Loading MPS to PDF converter (version 2006.09.02).]
\scratchcounter=\count277
\scratchdimen=\dimen172
\scratchbox=\box56
\nofMPsegments=\count278
\nofMParguments=\count279
\everyMPshowfont=\toks25
\MPscratchCnt=\count280
\MPscratchDim=\dimen173
\MPnumerator=\count281
\makeMPintoPDFobject=\count282
\everyMPtoPDFconversion=\toks26
)
(C:\Users\Admin\AppData\Local\Programs\MiKTeX\tex/latex/epstopdf-pkg\epstopdf-b
ase.sty
Package: epstopdf-base 2020-01-24 v2.11 Base part for package epstopdf
Package epstopdf-base Info: Redefining graphics rule for `.eps' on input line 4
85.

(C:\Users\Admin\AppData\Local\Programs\MiKTeX\tex/latex/00miktex\epstopdf-sys.c
fg
File: epstopdf-sys.cfg 2021/03/18 v2.0 Configuration of epstopdf for MiKTeX
))
Underfull \hbox (badness 2181) in paragraph at lines 54--59
\OT1/ptm/m/n/10 In this pa-per, we an-a-lyze the util-ity of ma-
 []


Underfull \hbox (badness 1048) in paragraph at lines 54--59
\OT1/ptm/m/n/10 to in-cor-po-rate more rel-e-vant vari-ables into the
 []

[1{C:/Users/Admin/AppData/Local/MiKTeX/fonts/map/pdftex/pdftex.map}{C:/Users/Ad
min/AppData/Local/Programs/MiKTeX/fonts/enc/dvips/base/8r.enc}



]
LaTeX Font Info:    Trying to load font information for OT1+pcr on input line 1
00.

(C:\Users\Admin\AppData\Local\Programs\MiKTeX\tex/latex/psnfss\ot1pcr.fd
File: ot1pcr.fd 2001/06/04 font definitions for OT1/pcr.
)
<image/roc_isolation_forest.png, id=8, 513.92pt x 411.5375pt>
File: image/roc_isolation_forest.png Graphic file (type png)
<use image/roc_isolation_forest.png>
Package pdftex.def Info: image/roc_isolation_forest.png  used on input line 118
.
(pdftex.def)             Requested size: 243.91125pt x 195.31908pt.
<image/roc_other_models.png, id=9, 298.86656pt x 201.75375pt>
File: image/roc_other_models.png Graphic file (type png)
<use image/roc_other_models.png>
Package pdftex.def Info: image/roc_other_models.png  used on input line 143.
(pdftex.def)             Requested size: 243.91125pt x 164.6572pt.

[2 <./image/roc_isolation_forest.png>]
LaTeX Font Info:    Trying to load font information for TS1+ptm on input line 1
73.

(C:\Users\Admin\AppData\Local\Programs\MiKTeX\tex/latex/psnfss\ts1ptm.fd
File: ts1ptm.fd 2001/06/04 font definitions for TS1/ptm.
)
<image/anon_roc_other_models.png, id=15, 513.41812pt x 373.395pt>
File: image/anon_roc_other_models.png Graphic file (type png)
<use image/anon_roc_other_models.png>
Package pdftex.def Info: image/anon_roc_other_models.png  used on input line 20
2.
(pdftex.def)             Requested size: 243.91125pt x 177.39294pt.

Underfull \hbox (badness 10000) in paragraph at lines 212--214

 []

<image/v14_gain_graph.png, id=16, 538.26094pt x 402.75468pt>
File: image/v14_gain_graph.png Graphic file (type png)
<use image/v14_gain_graph.png>
Package pdftex.def Info: image/v14_gain_graph.png  used on input line 221.
(pdftex.def)             Requested size: 243.91125pt x 182.51006pt.
[3 <./image/roc_other_models.png> <./image/anon_roc_other_models.png>]
Underfull \hbox (badness 2600) in paragraph at lines 251--254
[]\OT1/pcr/m/n/10 price[]online \OT1/ptm/m/n/10 is de-rived through mul-ti-ply-
ing fea-
 []


Underfull \hbox (badness 10000) in paragraph at lines 251--254
\OT1/ptm/m/n/10 tures \OT1/pcr/m/n/10 ratio[]to[]median[]purchase[]price \OT1/p
tm/m/n/10 and
 []


Underfull \hbox (badness 2285) in paragraph at lines 251--254
\OT1/pcr/m/n/10 online[]order\OT1/ptm/m/n/10 . The in-tu-ition be-hind this com
-bi-na-
 []


Underfull \hbox (badness 2941) in paragraph at lines 251--254
\OT1/ptm/m/n/10 and \OT1/pcr/m/n/10 used[]pin[]number\OT1/ptm/m/n/10 . Es-sen-t
ially, if a chip and
 []


Underfull \hbox (badness 1122) in paragraph at lines 251--254
\OT1/ptm/m/n/10 pin are used within a trans-ac-tion, this fea-ture pro-vides
 []

<image/og_confusion_matrix.png, id=27, 438.8897pt x 335.75438pt>
File: image/og_confusion_matrix.png Graphic file (type png)
<use image/og_confusion_matrix.png>
Package pdftex.def Info: image/og_confusion_matrix.png  used on input line 275.

(pdftex.def)             Requested size: 243.91125pt x 186.59691pt.
<image/new_confusion_matrix.png, id=28, 435.87843pt x 334.24875pt>
File: image/new_confusion_matrix.png Graphic file (type png)
<use image/new_confusion_matrix.png>
Package pdftex.def Info: image/new_confusion_matrix.png  used on input line 282
.
(pdftex.def)             Requested size: 243.91125pt x 187.04031pt.

LaTeX Warning: `h' float specifier changed to `ht'.

[4 <./image/v14_gain_graph.png> <./image/og_confusion_matrix.png>]
No file conference_report.bbl.
[5

 <./image/new_confusion_matrix.png>] (conference_report.aux)
 ***********
LaTeX2e <2023-06-01> patch level 1
L3 programming layer <2023-08-29>
 ***********


LaTeX Warning: There were multiply-defined labels.

 ) 
Here is how much of TeX's memory you used:
 2436 strings out of 475248
 39057 string characters out of 5757813
 1936785 words of memory out of 5000000
 23945 multiletter control sequences out of 15000+600000
 574464 words of font info for 69 fonts, out of 8000000 for 9000
 1141 hyphenation exceptions out of 8191
 57i,11n,65p,1127b,252s stack positions out of 10000i,1000n,20000p,200000b,200000s
<C:/Users/Admin/AppData/Local/Programs/MiKTeX/fonts/type1/public/amsfonts/cm/
cmex10.pfb><C:/Users/Admin/AppData/Local/Programs/MiKTeX/fonts/type1/public/ams
fonts/cm/cmmi10.pfb><C:/Users/Admin/AppData/Local/Programs/MiKTeX/fonts/type1/p
ublic/amsfonts/cm/cmmi7.pfb><C:/Users/Admin/AppData/Local/Programs/MiKTeX/fonts
/type1/public/amsfonts/cm/cmr10.pfb><C:/Users/Admin/AppData/Local/Programs/MiKT
eX/fonts/type1/public/amsfonts/cm/cmr7.pfb><C:/Users/Admin/AppData/Local/Progra
ms/MiKTeX/fonts/type1/public/amsfonts/cm/cmsy10.pfb><C:/Users/Admin/AppData/Loc
al/Programs/MiKTeX/fonts/type1/urw/courier/ucrr8a.pfb><C:/Users/Admin/AppData/L
ocal/Programs/MiKTeX/fonts/type1/urw/times/utmb8a.pfb><C:/Users/Admin/AppData/L
ocal/Programs/MiKTeX/fonts/type1/urw/times/utmr8a.pfb>
Output written on conference_report.pdf (5 pages, 276937 bytes).
PDF statistics:
 76 PDF objects out of 1000 (max. 8388607)
 0 named destinations out of 1000 (max. 500000)
 31 words of extra memory for PDF output out of 10000 (max. 10000000)

