This is pdfTeX, Version 3.141592653-2.6-1.40.25 (MiKTeX 23.10) (preloaded format=pdflatex 2023.11.1)  9 APR 2024 12:43
entering extended mode
 restricted \write18 enabled.
 %&-line parsing enabled.
**./ijcai09.tex
(ijcai09.tex
LaTeX2e <2023-06-01> patch level 1
L3 programming layer <2023-08-29>
IJCAI-09 Instructions for Authors
(C:\Users\Admin\AppData\Local\Programs\MiKTeX\tex/latex/base\article.cls
Document Class: article 2023/05/17 v1.4n Standard LaTeX document class
(C:\Users\Admin\AppData\Local\Programs\MiKTeX\tex/latex/base\size10.clo
File: size10.clo 2023/05/17 v1.4n Standard LaTeX file (size option)
)
\c@part=\count185
\c@section=\count186
\c@subsection=\count187
\c@subsubsection=\count188
\c@paragraph=\count189
\c@subparagraph=\count190
\c@figure=\count191
\c@table=\count192
\abovecaptionskip=\skip48
\belowcaptionskip=\skip49
\bibindent=\dimen140
)
(ijcai09.sty
Conference Style, version of 6 September 1995 (revised Nov 2000)
\titlebox=\skip50
Named Citation Style, version of 30 November 1994
) (C:\Users\Admin\AppData\Local\Programs\MiKTeX\tex/latex/psnfss\times.sty
Package: times 2020/03/25 PSNFSS-v9.3 (SPQR) 
)
(C:\Users\Admin\AppData\Local\Programs\MiKTeX\tex/latex/amsmath\amsmath.sty
Package: amsmath 2023/05/13 v2.17o AMS math features
\@mathmargin=\skip51

For additional information on amsmath, use the `?' option.
(C:\Users\Admin\AppData\Local\Programs\MiKTeX\tex/latex/amsmath\amstext.sty
Package: amstext 2021/08/26 v2.01 AMS text

(C:\Users\Admin\AppData\Local\Programs\MiKTeX\tex/latex/amsmath\amsgen.sty
File: amsgen.sty 1999/11/30 v2.0 generic functions
\@emptytoks=\toks17
\ex@=\dimen141
))
(C:\Users\Admin\AppData\Local\Programs\MiKTeX\tex/latex/amsmath\amsbsy.sty
Package: amsbsy 1999/11/29 v1.2d Bold Symbols
\pmbraise@=\dimen142
)
(C:\Users\Admin\AppData\Local\Programs\MiKTeX\tex/latex/amsmath\amsopn.sty
Package: amsopn 2022/04/08 v2.04 operator names
)
\inf@bad=\count193
LaTeX Info: Redefining \frac on input line 234.
\uproot@=\count194
\leftroot@=\count195
LaTeX Info: Redefining \overline on input line 399.
LaTeX Info: Redefining \colon on input line 410.
\classnum@=\count196
\DOTSCASE@=\count197
LaTeX Info: Redefining \ldots on input line 496.
LaTeX Info: Redefining \dots on input line 499.
LaTeX Info: Redefining \cdots on input line 620.
\Mathstrutbox@=\box51
\strutbox@=\box52
LaTeX Info: Redefining \big on input line 722.
LaTeX Info: Redefining \Big on input line 723.
LaTeX Info: Redefining \bigg on input line 724.
LaTeX Info: Redefining \Bigg on input line 725.
\big@size=\dimen143
LaTeX Font Info:    Redeclaring font encoding OML on input line 743.
LaTeX Font Info:    Redeclaring font encoding OMS on input line 744.
\macc@depth=\count198
LaTeX Info: Redefining \bmod on input line 905.
LaTeX Info: Redefining \pmod on input line 910.
LaTeX Info: Redefining \smash on input line 940.
LaTeX Info: Redefining \relbar on input line 970.
LaTeX Info: Redefining \Relbar on input line 971.
\c@MaxMatrixCols=\count199
\dotsspace@=\muskip16
\c@parentequation=\count266
\dspbrk@lvl=\count267
\tag@help=\toks18
\row@=\count268
\column@=\count269
\maxfields@=\count270
\andhelp@=\toks19
\eqnshift@=\dimen144
\alignsep@=\dimen145
\tagshift@=\dimen146
\tagwidth@=\dimen147
\totwidth@=\dimen148
\lineht@=\dimen149
\@envbody=\toks20
\multlinegap=\skip52
\multlinetaggap=\skip53
\mathdisplay@stack=\toks21
LaTeX Info: Redefining \[ on input line 2953.
LaTeX Info: Redefining \] on input line 2954.
)
LaTeX Font Info:    Trying to load font information for OT1+ptm on input line 4
6.

(C:\Users\Admin\AppData\Local\Programs\MiKTeX\tex/latex/psnfss\ot1ptm.fd
File: ot1ptm.fd 2001/06/04 font definitions for OT1/ptm.
)
(C:\Users\Admin\AppData\Local\Programs\MiKTeX\tex/latex/l3backend\l3backend-pdf
tex.def
File: l3backend-pdftex.def 2023-04-19 L3 backend support: PDF output (pdfTeX)
\l__color_backend_stack_int=\count271
\l__pdf_internal_box=\box53
) (ijcai09.aux)
\openout1 = `ijcai09.aux'.

LaTeX Font Info:    Checking defaults for OML/cmm/m/it on input line 46.
LaTeX Font Info:    ... okay on input line 46.
LaTeX Font Info:    Checking defaults for OMS/cmsy/m/n on input line 46.
LaTeX Font Info:    ... okay on input line 46.
LaTeX Font Info:    Checking defaults for OT1/cmr/m/n on input line 46.
LaTeX Font Info:    ... okay on input line 46.
LaTeX Font Info:    Checking defaults for T1/cmr/m/n on input line 46.
LaTeX Font Info:    ... okay on input line 46.
LaTeX Font Info:    Checking defaults for TS1/cmr/m/n on input line 46.
LaTeX Font Info:    ... okay on input line 46.
LaTeX Font Info:    Checking defaults for OMX/cmex/m/n on input line 46.
LaTeX Font Info:    ... okay on input line 46.
LaTeX Font Info:    Checking defaults for U/cmr/m/n on input line 46.
LaTeX Font Info:    ... okay on input line 46.

Underfull \hbox (badness 1048) in paragraph at lines 51--56
\OT1/ptm/m/n/10 to in-cor-po-rate more rel-e-vant vari-ables into the
 []

LaTeX Font Info:    Trying to load font information for TS1+ptm on input line 7
4.
(C:\Users\Admin\AppData\Local\Programs\MiKTeX\tex/latex/psnfss\ts1ptm.fd
File: ts1ptm.fd 2001/06/04 font definitions for TS1/ptm.
)
[1{C:/Users/Admin/AppData/Local/MiKTeX/fonts/map/pdftex/pdftex.map}{C:/Users/Ad
min/AppData/Local/Programs/MiKTeX/fonts/enc/dvips/base/8r.enc}



]

LaTeX Warning: Citation `gottlob:nonmon' on page 2 undefined on input line 163.



LaTeX Warning: Citation `abelson-et-al:scheme' on page 2 undefined on input lin
e 165.


LaTeX Warning: Citation `bgf:Lixto' on page 2 undefined on input line 166.


LaTeX Warning: Citation `brachman-schmolze:kl-one' on page 2 undefined on input
 line 167.


LaTeX Warning: Citation `nebel:jair-2000' on page 2 undefined on input line 169
.


LaTeX Warning: Citation `gls:hypertrees' on page 2 undefined on input line 170.



LaTeX Warning: Citation `levesque:functional-foundations' on page 2 undefined o
n input line 170.


LaTeX Warning: Citation `abelson-et-al:scheme' undefined on input line 171.


LaTeX Warning: Citation `bgf:Lixto' undefined on input line 172.


LaTeX Warning: Citation `brachman-schmolze:kl-one' undefined on input line 173.



LaTeX Warning: Citation `gottlob:nonmon' undefined on input line 174.


LaTeX Warning: Citation `gls:hypertrees' undefined on input line 175.


LaTeX Warning: Citation `levesque:functional-foundations' undefined on input li
ne 176.


LaTeX Warning: Citation `levesque:belief' undefined on input line 177.


LaTeX Warning: Citation `nebel:jair-2000' undefined on input line 178.

LaTeX Font Info:    Trying to load font information for OT1+pcr on input line 2
26.
(C:\Users\Admin\AppData\Local\Programs\MiKTeX\tex/latex/psnfss\ot1pcr.fd
File: ot1pcr.fd 2001/06/04 font definitions for OT1/pcr.
)
[2]
No file ijcai09.bbl.
[3

] (ijcai09.aux)
 ***********
LaTeX2e <2023-06-01> patch level 1
L3 programming layer <2023-08-29>
 ***********


LaTeX Warning: There were undefined references.

 ) 
Here is how much of TeX's memory you used:
 1367 strings out of 475248
 21190 string characters out of 5757813
 1934785 words of memory out of 5000000
 22910 multiletter control sequences out of 15000+600000
 583159 words of font info for 82 fonts, out of 8000000 for 9000
 1141 hyphenation exceptions out of 8191
 56i,11n,65p,959b,269s stack positions out of 10000i,1000n,20000p,200000b,200000s
<C:/Users/Admin/AppData/Local/Programs/MiKTeX/fonts/type1/public/amsfonts/cm/
cmmi10.pfb><C:/Users/Admin/AppData/Local/Programs/MiKTeX/fonts/type1/public/ams
fonts/cm/cmsy10.pfb><C:/Users/Admin/AppData/Local/Programs/MiKTeX/fonts/type1/p
ublic/amsfonts/cm/cmsy7.pfb><C:/Users/Admin/AppData/Local/Programs/MiKTeX/fonts
/type1/urw/courier/ucrr8a.pfb><C:/Users/Admin/AppData/Local/Programs/MiKTeX/fon
ts/type1/urw/times/utmb8a.pfb><C:/Users/Admin/AppData/Local/Programs/MiKTeX/fon
ts/type1/urw/times/utmr8a.pfb><C:/Users/Admin/AppData/Local/Programs/MiKTeX/fon
ts/type1/urw/times/utmri8a.pfb>
Output written on ijcai09.pdf (3 pages, 90475 bytes).
PDF statistics:
 48 PDF objects out of 1000 (max. 8388607)
 0 named destinations out of 1000 (max. 500000)
 1 words of extra memory for PDF output out of 10000 (max. 10000000)

